<?xml version="1.0" encoding="UTF-8"?>
<testsuite xmlns:xsi="http://www.w3.org/2001/XMLSchema-instance" xsi:noNamespaceSchemaLocation="https://maven.apache.org/surefire/maven-surefire-plugin/xsd/surefire-test-report.xsd" name="com.huawei.DemoTest" time="1.501" tests="2" errors="0" skipped="0" failures="0">
  <properties>
    <property name="sun.desktop" value="windows"/>
    <property name="awt.toolkit" value="sun.awt.windows.WToolkit"/>
    <property name="file.encoding.pkg" value="sun.io"/>
    <property name="java.specification.version" value="1.8"/>
    <property name="sun.cpu.isalist" value="amd64"/>
    <property name="sun.jnu.encoding" value="GBK"/>
    <property name="java.class.path" value="D:\IdeaWorkspace\idea-Ultimate\synthetical-demo\consolebackstagedemo\target\test-classes;D:\IdeaWorkspace\idea-Ultimate\synthetical-demo\consolebackstagedemo\target\classes;D:\IdeaWorkspace\IdeaRepository\junit\junit\4.12\junit-4.12.jar;D:\IdeaWorkspace\IdeaRepository\org\hamcrest\hamcrest-core\1.3\hamcrest-core-1.3.jar;D:\IdeaWorkspace\IdeaRepository\org\springframework\spring-core\4.0.2.RELEASE\spring-core-4.0.2.RELEASE.jar;D:\IdeaWorkspace\IdeaRepository\commons-logging\commons-logging\1.1.3\commons-logging-1.1.3.jar;D:\IdeaWorkspace\IdeaRepository\org\springframework\spring-web\4.0.2.RELEASE\spring-web-4.0.2.RELEASE.jar;D:\IdeaWorkspace\IdeaRepository\org\springframework\spring-beans\4.0.2.RELEASE\spring-beans-4.0.2.RELEASE.jar;D:\IdeaWorkspace\IdeaRepository\org\springframework\spring-context\4.0.2.RELEASE\spring-context-4.0.2.RELEASE.jar;D:\IdeaWorkspace\IdeaRepository\org\springframework\spring-oxm\4.0.2.RELEASE\spring-oxm-4.0.2.RELEASE.jar;D:\IdeaWorkspace\IdeaRepository\org\springframework\spring-tx\4.0.2.RELEASE\spring-tx-4.0.2.RELEASE.jar;D:\IdeaWorkspace\IdeaRepository\org\springframework\spring-jdbc\4.0.2.RELEASE\spring-jdbc-4.0.2.RELEASE.jar;D:\IdeaWorkspace\IdeaRepository\org\springframework\spring-webmvc\4.0.2.RELEASE\spring-webmvc-4.0.2.RELEASE.jar;D:\IdeaWorkspace\IdeaRepository\org\springframework\spring-expression\4.0.2.RELEASE\spring-expression-4.0.2.RELEASE.jar;D:\IdeaWorkspace\IdeaRepository\org\springframework\spring-aop\4.0.2.RELEASE\spring-aop-4.0.2.RELEASE.jar;D:\IdeaWorkspace\IdeaRepository\aopalliance\aopalliance\1.0\aopalliance-1.0.jar;D:\IdeaWorkspace\IdeaRepository\org\springframework\spring-context-support\4.0.2.RELEASE\spring-context-support-4.0.2.RELEASE.jar;D:\IdeaWorkspace\IdeaRepository\org\springframework\spring-test\4.0.2.RELEASE\spring-test-4.0.2.RELEASE.jar;D:\IdeaWorkspace\IdeaRepository\javax\javaee-api\7.0\javaee-api-7.0.jar;D:\IdeaWorkspace\IdeaRepository\com\sun\mail\javax.mail\1.5.0\javax.mail-1.5.0.jar;D:\IdeaWorkspace\IdeaRepository\javax\activation\activation\1.1\activation-1.1.jar;D:\IdeaWorkspace\IdeaRepository\commons-dbcp\commons-dbcp\1.2.2\commons-dbcp-1.2.2.jar;D:\IdeaWorkspace\IdeaRepository\commons-pool\commons-pool\1.3\commons-pool-1.3.jar;D:\IdeaWorkspace\IdeaRepository\jstl\jstl\1.2\jstl-1.2.jar;D:\IdeaWorkspace\IdeaRepository\log4j\log4j\1.2.17\log4j-1.2.17.jar;D:\IdeaWorkspace\IdeaRepository\com\alibaba\fastjson\1.1.41\fastjson-1.1.41.jar;D:\IdeaWorkspace\IdeaRepository\org\codehaus\jackson\jackson-mapper-asl\1.9.13\jackson-mapper-asl-1.9.13.jar;D:\IdeaWorkspace\IdeaRepository\org\codehaus\jackson\jackson-core-asl\1.9.13\jackson-core-asl-1.9.13.jar;D:\IdeaWorkspace\IdeaRepository\com\fasterxml\jackson\core\jackson-databind\2.7.4\jackson-databind-2.7.4.jar;D:\IdeaWorkspace\IdeaRepository\com\fasterxml\jackson\core\jackson-core\2.7.4\jackson-core-2.7.4.jar;D:\IdeaWorkspace\IdeaRepository\com\fasterxml\jackson\core\jackson-annotations\2.7.4\jackson-annotations-2.7.4.jar;D:\IdeaWorkspace\IdeaRepository\commons-fileupload\commons-fileupload\1.3.1\commons-fileupload-1.3.1.jar;D:\IdeaWorkspace\IdeaRepository\commons-io\commons-io\2.4\commons-io-2.4.jar;D:\IdeaWorkspace\IdeaRepository\commons-codec\commons-codec\1.9\commons-codec-1.9.jar;"/>
    <property name="java.vm.vendor" value="Oracle Corporation"/>
    <property name="sun.arch.data.model" value="64"/>
    <property name="user.variant" value=""/>
    <property name="java.vendor.url" value="http://java.oracle.com/"/>
    <property name="user.timezone" value=""/>
    <property name="java.vm.specification.version" value="1.8"/>
    <property name="os.name" value="Windows 10"/>
    <property name="user.country" value="CN"/>
    <property name="sun.java.launcher" value="SUN_STANDARD"/>
    <property name="sun.boot.library.path" value="D:\Program Files\Java\jdk1.8.0_131\jre\bin"/>
    <property name="sun.java.command" value="C:\Users\SUNPENG\AppData\Local\Temp\surefire4009529007778000064\surefirebooter1232362288981843287.jar C:\Users\SUNPENG\AppData\Local\Temp\surefire4009529007778000064 2018-08-06T20-01-00_721-jvmRun1 surefire991144989111474376tmp surefire_0551930160671404662tmp"/>
    <property name="surefire.test.class.path" value="D:\IdeaWorkspace\idea-Ultimate\synthetical-demo\consolebackstagedemo\target\test-classes;D:\IdeaWorkspace\idea-Ultimate\synthetical-demo\consolebackstagedemo\target\classes;D:\IdeaWorkspace\IdeaRepository\junit\junit\4.12\junit-4.12.jar;D:\IdeaWorkspace\IdeaRepository\org\hamcrest\hamcrest-core\1.3\hamcrest-core-1.3.jar;D:\IdeaWorkspace\IdeaRepository\org\springframework\spring-core\4.0.2.RELEASE\spring-core-4.0.2.RELEASE.jar;D:\IdeaWorkspace\IdeaRepository\commons-logging\commons-logging\1.1.3\commons-logging-1.1.3.jar;D:\IdeaWorkspace\IdeaRepository\org\springframework\spring-web\4.0.2.RELEASE\spring-web-4.0.2.RELEASE.jar;D:\IdeaWorkspace\IdeaRepository\org\springframework\spring-beans\4.0.2.RELEASE\spring-beans-4.0.2.RELEASE.jar;D:\IdeaWorkspace\IdeaRepository\org\springframework\spring-context\4.0.2.RELEASE\spring-context-4.0.2.RELEASE.jar;D:\IdeaWorkspace\IdeaRepository\org\springframework\spring-oxm\4.0.2.RELEASE\spring-oxm-4.0.2.RELEASE.jar;D:\IdeaWorkspace\IdeaRepository\org\springframework\spring-tx\4.0.2.RELEASE\spring-tx-4.0.2.RELEASE.jar;D:\IdeaWorkspace\IdeaRepository\org\springframework\spring-jdbc\4.0.2.RELEASE\spring-jdbc-4.0.2.RELEASE.jar;D:\IdeaWorkspace\IdeaRepository\org\springframework\spring-webmvc\4.0.2.RELEASE\spring-webmvc-4.0.2.RELEASE.jar;D:\IdeaWorkspace\IdeaRepository\org\springframework\spring-expression\4.0.2.RELEASE\spring-expression-4.0.2.RELEASE.jar;D:\IdeaWorkspace\IdeaRepository\org\springframework\spring-aop\4.0.2.RELEASE\spring-aop-4.0.2.RELEASE.jar;D:\IdeaWorkspace\IdeaRepository\aopalliance\aopalliance\1.0\aopalliance-1.0.jar;D:\IdeaWorkspace\IdeaRepository\org\springframework\spring-context-support\4.0.2.RELEASE\spring-context-support-4.0.2.RELEASE.jar;D:\IdeaWorkspace\IdeaRepository\org\springframework\spring-test\4.0.2.RELEASE\spring-test-4.0.2.RELEASE.jar;D:\IdeaWorkspace\IdeaRepository\javax\javaee-api\7.0\javaee-api-7.0.jar;D:\IdeaWorkspace\IdeaRepository\com\sun\mail\javax.mail\1.5.0\javax.mail-1.5.0.jar;D:\IdeaWorkspace\IdeaRepository\javax\activation\activation\1.1\activation-1.1.jar;D:\IdeaWorkspace\IdeaRepository\commons-dbcp\commons-dbcp\1.2.2\commons-dbcp-1.2.2.jar;D:\IdeaWorkspace\IdeaRepository\commons-pool\commons-pool\1.3\commons-pool-1.3.jar;D:\IdeaWorkspace\IdeaRepository\jstl\jstl\1.2\jstl-1.2.jar;D:\IdeaWorkspace\IdeaRepository\log4j\log4j\1.2.17\log4j-1.2.17.jar;D:\IdeaWorkspace\IdeaRepository\com\alibaba\fastjson\1.1.41\fastjson-1.1.41.jar;D:\IdeaWorkspace\IdeaRepository\org\codehaus\jackson\jackson-mapper-asl\1.9.13\jackson-mapper-asl-1.9.13.jar;D:\IdeaWorkspace\IdeaRepository\org\codehaus\jackson\jackson-core-asl\1.9.13\jackson-core-asl-1.9.13.jar;D:\IdeaWorkspace\IdeaRepository\com\fasterxml\jackson\core\jackson-databind\2.7.4\jackson-databind-2.7.4.jar;D:\IdeaWorkspace\IdeaRepository\com\fasterxml\jackson\core\jackson-core\2.7.4\jackson-core-2.7.4.jar;D:\IdeaWorkspace\IdeaRepository\com\fasterxml\jackson\core\jackson-annotations\2.7.4\jackson-annotations-2.7.4.jar;D:\IdeaWorkspace\IdeaRepository\commons-fileupload\commons-fileupload\1.3.1\commons-fileupload-1.3.1.jar;D:\IdeaWorkspace\IdeaRepository\commons-io\commons-io\2.4\commons-io-2.4.jar;D:\IdeaWorkspace\IdeaRepository\commons-codec\commons-codec\1.9\commons-codec-1.9.jar;"/>
    <property name="sun.cpu.endian" value="little"/>
    <property name="user.home" value="C:\Users\SUNPENG"/>
    <property name="user.language" value="zh"/>
    <property name="java.specification.vendor" value="Oracle Corporation"/>
    <property name="java.home" value="D:\Program Files\Java\jdk1.8.0_131\jre"/>
    <property name="basedir" value="D:\IdeaWorkspace\idea-Ultimate\synthetical-demo\consolebackstagedemo"/>
    <property name="file.separator" value="\"/>
    <property name="line.separator" value="&#10;"/>
    <property name="java.vm.specification.vendor" value="Oracle Corporation"/>
    <property name="java.specification.name" value="Java Platform API Specification"/>
    <property name="java.awt.graphicsenv" value="sun.awt.Win32GraphicsEnvironment"/>
    <property name="surefire.real.class.path" value="C:\Users\SUNPENG\AppData\Local\Temp\surefire4009529007778000064\surefirebooter1232362288981843287.jar"/>
    <property name="sun.boot.class.path" value="D:\Program Files\Java\jdk1.8.0_131\jre\lib\resources.jar;D:\Program Files\Java\jdk1.8.0_131\jre\lib\rt.jar;D:\Program Files\Java\jdk1.8.0_131\jre\lib\sunrsasign.jar;D:\Program Files\Java\jdk1.8.0_131\jre\lib\jsse.jar;D:\Program Files\Java\jdk1.8.0_131\jre\lib\jce.jar;D:\Program Files\Java\jdk1.8.0_131\jre\lib\charsets.jar;D:\Program Files\Java\jdk1.8.0_131\jre\lib\jfr.jar;D:\Program Files\Java\jdk1.8.0_131\jre\classes"/>
    <property name="user.script" value=""/>
    <property name="sun.management.compiler" value="HotSpot 64-Bit Tiered Compilers"/>
    <property name="java.runtime.version" value="1.8.0_131-b11"/>
    <property name="user.name" value="SUNPENG"/>
    <property name="path.separator" value=";"/>
    <property name="os.version" value="10.0"/>
    <property name="java.endorsed.dirs" value="D:\Program Files\Java\jdk1.8.0_131\jre\lib\endorsed"/>
    <property name="java.runtime.name" value="Java(TM) SE Runtime Environment"/>
    <property name="file.encoding" value="GBK"/>
    <property name="java.vm.name" value="Java HotSpot(TM) 64-Bit Server VM"/>
    <property name="localRepository" value="D:\IdeaWorkspace\IdeaRepository"/>
    <property name="java.vendor.url.bug" value="http://bugreport.sun.com/bugreport/"/>
    <property name="java.io.tmpdir" value="C:\Users\SUNPENG\AppData\Local\Temp\"/>
    <property name="idea.version" value="2018.1.5"/>
    <property name="java.version" value="1.8.0_131"/>
    <property name="user.dir" value="D:\IdeaWorkspace\idea-Ultimate\synthetical-demo\consolebackstagedemo"/>
    <property name="os.arch" value="amd64"/>
    <property name="java.vm.specification.name" value="Java Virtual Machine Specification"/>
    <property name="java.awt.printerjob" value="sun.awt.windows.WPrinterJob"/>
    <property name="sun.os.patch.level" value=""/>
    <property name="java.library.path" value="D:\Program Files\Java\jdk1.8.0_131\jre\bin;C:\WINDOWS\Sun\Java\bin;C:\WINDOWS\system32;C:\WINDOWS;C:\ProgramData\Oracle\Java\javapath;C:\Windows\system32;C:\Windows;C:\Windows\System32\Wbem;C:\Windows\System32\WindowsPowerShell\v1.0\;C:\Program Files (x86)\NVIDIA Corporation\PhysX\Common;C:\WINDOWS\system32;C:\WINDOWS;C:\WINDOWS\System32\Wbem;C:\WINDOWS\System32\WindowsPowerShell\v1.0\;C:\WINDOWS\System32\OpenSSH\;D:\Program Files\Git\cmd;D:\BtSoft\WebSoft\mysql\MySQL5.6\bin;D:\Program Files\Git\cmd;D:\Program Files (x86)\php-7.2.7;D:\Program Files\nodejs\;D:\Program Files\nodejs\node_global;D:\Program Files\Python\Python37;D:\Program Files (x86)\apache-maven-3.5.4\bin;D:\Program Files\Java\jdk1.8.0_131\jre\bin;D:\Program Files\Java\jdk1.8.0_131\bin;D:\Program Files\Microsoft VS Code\bin;D:\Program Files\Python\Python37\Scripts;C:\Users\SUNPENG\AppData\Local\Programs\Python\Python37-32\Scripts\;C:\Users\SUNPENG\AppData\Local\Programs\Python\Python37-32\;D:\Program Files\Python\Python37-32\Scripts\;D:\Program Files\Python\Python37-32\;C:\Users\SUNPENG\AppData\Local\Microsoft\WindowsApps;;D:\Program Files\Microsoft VS Code\bin;C:\Users\SUNPENG\AppData\Roaming\npm;."/>
    <property name="java.vm.info" value="mixed mode"/>
    <property name="java.vendor" value="Oracle Corporation"/>
    <property name="java.vm.version" value="25.131-b11"/>
    <property name="java.ext.dirs" value="D:\Program Files\Java\jdk1.8.0_131\jre\lib\ext;C:\WINDOWS\Sun\Java\lib\ext"/>
    <property name="sun.io.unicode.encoding" value="UnicodeLittle"/>
    <property name="java.class.version" value="52.0"/>
  </properties>
  <testcase name="test" classname="com.huawei.DemoTest" time="1.271"/>
  <testcase name="testFuctureTask" classname="com.huawei.DemoTest" time="0"/>
</testsuite>